-------------------------------------------------------------------------------
Test set: runners.TestRunner
-------------------------------------------------------------------------------
Tests run: 10, Failures: 0, Errors: 3, Skipped: 3, Time elapsed: 65.341 sec <<< FAILURE!
And enter "Lakshay" personal details on checkout page(| Lakshay |)  Time elapsed: 0.012 sec  <<< ERROR!
java.lang.NullPointerException
	at java.util.Objects.requireNonNull(Objects.java:203)
	at java.util.Arrays$ArrayList.<init>(Arrays.java:3813)
	at java.util.Arrays.asList(Arrays.java:3800)
	at dataProvider.JsonFileReader.getCustomerData(JsonFileReader.java:46)
	at dataProvider.JsonFileReader.<init>(JsonFileReader.java:23)
	at manager.FileReaderManager.getJsonFileReader(FileReaderManager.java:30)
	at stepDefinition.CheckoutPageSteps.enter_personal_details_on_checkout_page(CheckoutPageSteps.java:25)
	at ?.And enter "Lakshay" personal details on checkout page(End2End_Tests.feature:11)

| Lakshay |  Time elapsed: 0.012 sec  <<< ERROR!
java.lang.NullPointerException
	at java.util.Objects.requireNonNull(Objects.java:203)
	at java.util.Arrays$ArrayList.<init>(Arrays.java:3813)
	at java.util.Arrays.asList(Arrays.java:3800)
	at dataProvider.JsonFileReader.getCustomerData(JsonFileReader.java:46)
	at dataProvider.JsonFileReader.<init>(JsonFileReader.java:23)
	at manager.FileReaderManager.getJsonFileReader(FileReaderManager.java:30)
	at stepDefinition.CheckoutPageSteps.enter_personal_details_on_checkout_page(CheckoutPageSteps.java:25)
	at ?.And enter "Lakshay" personal details on checkout page(End2End_Tests.feature:11)

runners.TestRunner  Time elapsed: 1.568 sec  <<< ERROR!
java.lang.IllegalArgumentException: InputStream cannot be null
	at javax.xml.parsers.DocumentBuilder.parse(DocumentBuilder.java:117)
	at com.aventstack.extentreports.configuration.ConfigLoader.getConfigurationHash(ConfigLoader.java:64)
	at com.aventstack.extentreports.reporter.AbstractReporter.loadXMLConfig(AbstractReporter.java:64)
	at com.cucumber.listener.Reporter.loadXMLConfig(Reporter.java:56)
	at runners.TestRunner.writeExtentReport(TestRunner.java:25)
	at sun.reflect.NativeMethodAccessorImpl.invoke0(Native Method)
	at sun.reflect.NativeMethodAccessorImpl.invoke(NativeMethodAccessorImpl.java:62)
	at sun.reflect.DelegatingMethodAccessorImpl.invoke(DelegatingMethodAccessorImpl.java:43)
	at java.lang.reflect.Method.invoke(Method.java:498)
	at org.junit.runners.model.FrameworkMethod$1.runReflectiveCall(FrameworkMethod.java:50)
	at org.junit.internal.runners.model.ReflectiveCallable.run(ReflectiveCallable.java:12)
	at org.junit.runners.model.FrameworkMethod.invokeExplosively(FrameworkMethod.java:47)
	at org.junit.internal.runners.statements.RunAfters.evaluate(RunAfters.java:33)
	at org.junit.runners.ParentRunner.run(ParentRunner.java:363)
	at cucumber.api.junit.Cucumber.run(Cucumber.java:100)
	at org.apache.maven.surefire.junit4.JUnit4Provider.execute(JUnit4Provider.java:252)
	at org.apache.maven.surefire.junit4.JUnit4Provider.executeTestSet(JUnit4Provider.java:141)
	at org.apache.maven.surefire.junit4.JUnit4Provider.invoke(JUnit4Provider.java:112)
	at sun.reflect.NativeMethodAccessorImpl.invoke0(Native Method)
	at sun.reflect.NativeMethodAccessorImpl.invoke(NativeMethodAccessorImpl.java:62)
	at sun.reflect.DelegatingMethodAccessorImpl.invoke(DelegatingMethodAccessorImpl.java:43)
	at java.lang.reflect.Method.invoke(Method.java:498)
	at org.apache.maven.surefire.util.ReflectionUtils.invokeMethodWithArray(ReflectionUtils.java:189)
	at org.apache.maven.surefire.booter.ProviderFactory$ProviderProxy.invoke(ProviderFactory.java:165)
	at org.apache.maven.surefire.booter.ProviderFactory.invokeProvider(ProviderFactory.java:85)
	at org.apache.maven.surefire.booter.ForkedBooter.runSuitesInProcess(ForkedBooter.java:115)
	at org.apache.maven.surefire.booter.ForkedBooter.main(ForkedBooter.java:75)

